27/04/2020 18:34:35	This log contains information about the import schema operation into project 'AutoPecas.Infra.Database' on computer 'DESKTOP-JORTDLR' by user 'dflim'.
27/04/2020 18:34:36	Import of database schema has started.
27/04/2020 18:34:47	Gathering logins
27/04/2020 18:37:10	Gathering database credentials
27/04/2020 18:37:10	Gathering database options
27/04/2020 18:37:10	Gathering generic database scoped configuration option
27/04/2020 18:37:10	Gathering users
27/04/2020 18:37:10	Gathering roles
27/04/2020 18:37:10	Gathering application roles
27/04/2020 18:37:10	Gathering role memberships
27/04/2020 18:37:10	Gathering filegroups
27/04/2020 18:37:10	Gathering full-text catalogs
27/04/2020 18:37:10	Gathering assemblies
27/04/2020 18:37:10	Gathering certificates
27/04/2020 18:37:10	Gathering symmetric keys
27/04/2020 18:37:10	Gathering encrypted symmetric keys
27/04/2020 18:37:10	Gathering schemas
27/04/2020 18:37:10	Gathering XML schema collections
27/04/2020 18:37:10	Gathering user-defined data types
27/04/2020 18:37:10	Gathering user-defined types
27/04/2020 18:37:10	Gathering table types
27/04/2020 18:37:11	Gathering unique keys for table types
27/04/2020 18:37:11	Gathering primary keys for table types
27/04/2020 18:37:11	Gathering indexes for table types
27/04/2020 18:37:11	Gathering check constraints for table types
27/04/2020 18:37:19	Gathering default constraints for table types
27/04/2020 18:37:19	Gathering partition functions
27/04/2020 18:37:19	Gathering partition schemes
27/04/2020 18:37:19	Gathering functions
27/04/2020 18:37:19	Gathering encrypted functions
27/04/2020 18:37:19	Gathering aggregates
27/04/2020 18:37:19	Gathering procedures
27/04/2020 18:37:19	Gathering encrypted procedures
27/04/2020 18:37:19	Gathering tables
27/04/2020 18:37:19	Gathering primary keys
27/04/2020 18:37:19	Gathering unique constraints
27/04/2020 18:37:19	Gathering foreign keys
27/04/2020 18:37:19	Gathering default constraints
27/04/2020 18:37:19	Gathering check constraints
27/04/2020 18:37:20	Gathering views
27/04/2020 18:37:20	Gathering encrypted views
27/04/2020 18:37:20	Gathering indexes
27/04/2020 18:37:20	Gathering statistics
27/04/2020 18:37:20	Gathering full-text index stoplists
27/04/2020 18:37:20	Gathering search property lists
27/04/2020 18:37:20	Gathering search properties
27/04/2020 18:37:20	Gathering full-text indexes
27/04/2020 18:37:20	Gathering column store indexes
27/04/2020 18:37:20	Gathering spatial indexes
27/04/2020 18:37:20	Gathering XML indexes
27/04/2020 18:37:20	Gathering Selective XML indexes
27/04/2020 18:37:20	Gathering encrypted triggers
27/04/2020 18:37:20	Gathering triggers
27/04/2020 18:37:20	Gathering encrypted and clr ddl triggers
27/04/2020 18:37:20	Gathering ddl triggers
27/04/2020 18:37:20	Creating edge constraints
27/04/2020 18:37:20	Gathering synonyms
27/04/2020 18:37:20	Gathering defaults
27/04/2020 18:37:20	Gathering data constraint uddt bindings
27/04/2020 18:37:20	Gathering rules
27/04/2020 18:37:20	Gathering data constraint uddt bindings
27/04/2020 18:37:20	Gathering message types
27/04/2020 18:37:20	Gathering queues
27/04/2020 18:37:20	Gathering contracts
27/04/2020 18:37:20	Gathering services
27/04/2020 18:37:20	Gathering event notifications
27/04/2020 18:37:20	Gathering remote service bindings
27/04/2020 18:37:20	Gathering broker priorities
27/04/2020 18:37:20	Gathering signatures
27/04/2020 18:37:20	Gathering data compression options
27/04/2020 18:37:20	Gathering sequence types
27/04/2020 18:37:20	Gathering security policies
27/04/2020 18:37:20	Gather column encryption keys
27/04/2020 18:37:20	Gathering column master keys
27/04/2020 18:37:20	Gathering external data sources
27/04/2020 18:37:20	Gathering external tables
27/04/2020 18:37:20	Gathering extended properties
27/04/2020 18:37:24	Gathering logins
27/04/2020 18:37:27	Finished importing database.
27/04/2020 18:37:27	A summary of the import was saved to the following location: C:\Users\dflim\Projetos\AutoPecas\AutoPecas.Infra.Database\Import Schema Logs\AutoPecas.Infra.Data_20200427093435.log
27/04/2020 18:37:27	Click Finish to continue...
